commit 9602063dd3f8f03e45c3b6a8824be8bdaf7cf9d5
Author: Asad Valliani <asadv988@gmail.com>
Date:   Tue Jul 5 18:03:48 2016 -0500

    removed an import statement in models.py

commit c1a1d165c32052e8196d61d3618d0451674542a4
Author: Asad Valliani <asadv988@gmail.com>
Date:   Tue Jul 5 18:02:27 2016 -0500

    adding makefile and deleting travis.yml

commit e71e3a49b38c3b1802edfa7e81816aacf471c38d
Author: ChidiOmen <ochidimon@utexas.edu>
Date:   Tue Jul 5 17:37:46 2016 -0500

    Added info to about page

commit bb0810e9d086a8ac47a296ddb4e1e338e46dc3ab
Merge: 5a51680 0678570
Author: Matt Laux <matthew.laux@gmail.com>
Date:   Tue Jul 5 17:33:32 2016 -0500

    Merge branch 'dev' of github.com:mlaux/cs373-idb into dev

commit 5a51680e8722f5a9fe1e3c56e75f9531f54ddbda
Author: Matt Laux <matthew.laux@gmail.com>
Date:   Tue Jul 5 17:33:21 2016 -0500

    add project stats to about page

commit 067857049598bf6ccda37abf80965ccb594fd69e
Author: Jeff Taube <jeffrey.taube@utexas.edu>
Date:   Tue Jul 5 17:30:04 2016 -0500

    Adding image of UML diagram.

commit 56e95e1aa8842edf7a9d83a305d194b31579f3ea
Merge: 620cb53 cbf7852
Author: Matt Laux <matthew.laux@gmail.com>
Date:   Tue Jul 5 17:26:12 2016 -0500

    Merge branch 'dev' of github.com:mlaux/cs373-idb into dev

commit 620cb53b8d4bd1b5d061cb9244e6ff8a953e3671
Author: Matt Laux <matthew.laux@gmail.com>
Date:   Tue Jul 5 17:26:00 2016 -0500

    add matt about.html info

commit cbf78528c1bbf99b5a221723baf63aa00ea44e92
Author: bstotmeister <braden.stotmeister@gmail.com>
Date:   Tue Jul 5 17:23:00 2016 -0500

    moved models.py and tests.py to apps

commit 538588fe9c914301ff04f5c0ca8c0acaded21193
Merge: ce85e99 fe5f62a
Author: bstotmeister <braden.stotmeister@gmail.com>
Date:   Tue Jul 5 17:22:15 2016 -0500

    Merge branch 'dev' of https://github.com/mlaux/cs373-idb into dev

commit fe5f62a11a8e09df42a79f115ab7dcd99f56972a
Author: ChidiOmen <ochidimon@utexas.edu>
Date:   Tue Jul 5 17:21:27 2016 -0500

    Renamed UML PDF

commit ce85e995cd5ecf5f5b5dc31fdc3374c719b22598
Merge: 88b66eb d2e0eee
Author: bstotmeister <braden.stotmeister@gmail.com>
Date:   Tue Jul 5 17:21:24 2016 -0500

    Merge branch 'dev' of https://github.com/mlaux/cs373-idb into dev

commit d2e0eee52dd2412c6564d37282b35b3339509a56
Author: ChidiOmen <ochidimon@utexas.edu>
Date:   Tue Jul 5 17:17:11 2016 -0500

    Added UML PDF

commit 4dcde8e4aa0dfcee46449e53a10db399b9fc42c2
Merge: 0a2c741 99e095f
Author: Matt Laux <matthew.laux@gmail.com>
Date:   Tue Jul 5 17:03:37 2016 -0500

    Merge branch 'dev' of github.com:mlaux/cs373-idb into dev

commit 0a2c741e2450eea33950e92a2513733334b461dc
Author: Matt Laux <matthew.laux@gmail.com>
Date:   Tue Jul 5 17:03:29 2016 -0500

    revert image dimensions

commit 99e095fa44d80dcdfd63c57ef5ea6515716198ae
Merge: 91c95a0 56caacb
Author: Asad Valliani <asadv988@gmail.com>
Date:   Tue Jul 5 17:02:34 2016 -0500

    kevin's commit

commit 91c95a0b3876370e6b5eeb8cf5b33f3f31abe75f
Author: Asad Valliani <asadv988@gmail.com>
Date:   Tue Jul 5 16:59:24 2016 -0500

    committing

commit 88b66ebffaa0630aa9d819cdf1d266d6d73a095e
Author: bstotmeister <braden.stotmeister@gmail.com>
Date:   Tue Jul 5 16:54:16 2016 -0500

    Updated Carousel.

commit 56caacbe8d0555dd2cff92b0e3a629523ed32eef
Author: bstotmeister <braden.stotmeister@gmail.com>
Date:   Tue Jul 5 16:51:50 2016 -0500

    Fixed carousel.

commit 2539eab3c13514bef5eeadbfe20297df75d309f1
Author: Asad Valliani <asadv988@gmail.com>
Date:   Tue Jul 5 16:41:06 2016 -0500

    added many things to the site

commit db74f3996d789ca93f5bb7217fde4da5c3f38256
Author: bstotmeister <braden.stotmeister@gmail.com>
Date:   Tue Jul 5 11:07:49 2016 -0500

    fixed sideways picture

commit d4698d85ffcf35422f69ba4906b3fe39b3e51fa1
Author: Braden Stotmeister <bradenstotmeister@wireless-10-147-103-137.public.utexas.edu>
Date:   Tue Jul 5 10:21:51 2016 -0500

    updated picture & spelling on card_type page

commit a130ff8f4189909e55099e646a4397f43c01c6cb
Author: Matt Laux <matthew.laux@gmail.com>
Date:   Mon Jul 4 19:05:59 2016 -0500

    .

commit b9fbf7355b8ac14c5464fb1d718e27778c90cc17
Author: Matt Laux <matthew.laux@gmail.com>
Date:   Mon Jul 4 19:03:45 2016 -0500

    fix sizing of carousel

commit 29ea2b76535be8ee4c935a8fa5a3b6612e159745
Author: Matt Laux <matthew.laux@gmail.com>
Date:   Mon Jul 4 18:59:01 2016 -0500

    testing

commit fe69c7f5e1772e241b626453885a44e4661a6ebb
Merge: 8f64f31 b16ab1f
Author: Matt Laux <matthew.laux@gmail.com>
Date:   Mon Jul 4 18:53:18 2016 -0500

    Merge branch 'dev' of github.com:mlaux/cs373-idb into dev

commit 8f64f317676489a35d28b5342f5cbae1131ed664
Author: Matt Laux <matthew.laux@gmail.com>
Date:   Mon Jul 4 18:53:04 2016 -0500

    add some cool images to the home page

commit b16ab1f592968fb2286b517f31b33e140c0c07a6
Author: Asad Valliani <asadv988@gmail.com>
Date:   Mon Jul 4 17:12:32 2016 -0500

    added info for cards, family, type, subtype

commit 9d518fb2f13a27c84bef8d7f65cf2f7ba4afb969
Author: Jeff Taube <jeffrey.taube@utexas.edu>
Date:   Mon Jul 4 16:36:50 2016 -0500

    Updating about.html

commit b60e0bd492cf2297e5d1a67df842690e2caba571
Author: Jeff Taube <jeffrey.taube@utexas.edu>
Date:   Mon Jul 4 16:29:49 2016 -0500

    Updating about.html.

commit 5b5af2ef69da5fd665a3fd4829e00f8cc75fbbe0
Author: Asad Valliani <asadv988@gmail.com>
Date:   Mon Jul 4 16:25:55 2016 -0500

    added more cards in cards.html

commit a9492313d68726b0ee8ce2757854faf0adb1347a
Author: Jeff Taube <jeffrey.taube@utexas.edu>
Date:   Mon Jul 4 16:19:42 2016 -0500

    Adding home background image.

commit c2f6de60d59cf0be30bd7dc3c7189e2019328cd2
Author: Matt Laux <mlaux@atlassian.com>
Date:   Mon Jul 4 16:13:09 2016 -0500

    fix css weirdness

commit 81cec9a4cb4f06e70e5b33fdebfab1c5fd6427b8
Author: Matt Laux <mlaux@atlassian.com>
Date:   Mon Jul 4 16:09:01 2016 -0500

    add updated pix

commit e570779100889af8c60229c58ba5428847f127f6
Author: Asad Valliani <asadv988@gmail.com>
Date:   Mon Jul 4 15:44:17 2016 -0500

    changes to models.py and added tests.py

commit 459a3d22efd56618674aa9273db679ce60de2673
Merge: 61ee67b d55b4db
Author: Asad Valliani <asadv988@gmail.com>
Date:   Sun Jul 3 17:55:07 2016 -0500

    made changes to models.py

commit 61ee67b709b3c33a6020820d11d58257d6fd20c9
Author: Asad Valliani <asadv988@gmail.com>
Date:   Sun Jul 3 17:52:15 2016 -0500

    updated models.py

commit d55b4dbc4d455ffd617ceb9d24f3f145fbf7eda4
Author: ChidiOmen <ochidimon@utexas.edu>
Date:   Sun Jul 3 17:35:18 2016 -0500

    Added requirements to About

commit 2fa55b80c947227739adcaec1055f1663ea332e3
Merge: d108c88 89b0564
Author: Matt Laux <matthew.laux@gmail.com>
Date:   Sun Jul 3 17:31:38 2016 -0500

    Merge branch 'dev' of github.com:mlaux/cs373-idb into dev

commit d108c883b61e574007376a9c0c5bfef3c02730a4
Author: Matt Laux <matthew.laux@gmail.com>
Date:   Sun Jul 3 17:31:32 2016 -0500

    add basic tables

commit 89b0564dda93762fe2ba593e12e2c36aaa5a504b
Author: ChidiOmen <ochidimon@utexas.edu>
Date:   Sun Jul 3 17:19:41 2016 -0500

    Attempt to fix CSS

commit 71d54734214ec71510d3f6377bfd8cdd5f455567
Author: Matt Laux <matthew.laux@gmail.com>
Date:   Sun Jul 3 17:15:31 2016 -0500

    make images lowercase so they work on linux

commit b8cc1a60391ccd19ced3f76e1cbc938451b470d6
Merge: e3ce424 2b90405
Author: Matt Laux <matthew.laux@gmail.com>
Date:   Sun Jul 3 17:13:09 2016 -0500

    Merge branch 'dev' of github.com:mlaux/cs373-idb into dev

commit e3ce424672cac0c41429e8ab0d1b0563f3617dda
Author: Matt Laux <matthew.laux@gmail.com>
Date:   Sun Jul 3 17:12:55 2016 -0500

    add API spec, add required files

commit 2b904052d30cc08c887a99ae5d867e57bc749c26
Author: ChidiOmen <ochidimon@utexas.edu>
Date:   Sun Jul 3 17:10:38 2016 -0500

    Fixed image CSS

commit c4dd28d0effe4519a6ded78dc838fa7b77af7866
Author: ChidiOmen <ochidimon@utexas.edu>
Date:   Sun Jul 3 17:08:19 2016 -0500

    Placeholders for images

commit 16dfa1d3ef8c24fa63260347ec7370388576627e
Merge: bcca1a0 10cf3d7
Author: ChidiOmen <ochidimon@utexas.edu>
Date:   Sun Jul 3 16:55:14 2016 -0500

    Merge branch 'dev' of https://github.com/mlaux/cs373-idb into dev

commit bcca1a01e67436d9daf29405a04b872a721d43c7
Author: ChidiOmen <ochidimon@utexas.edu>
Date:   Sun Jul 3 16:54:54 2016 -0500

    Forced image size

commit 10cf3d770b67402b3dfe4ef28deb02163e33eb68
Author: Matt Laux <matthew.laux@gmail.com>
Date:   Sun Jul 3 16:51:19 2016 -0500

    woops

commit 72aa9b67ed4240a1683ff745c9935d76eb57be4e
Merge: 5d9300a 0d7d531
Author: ChidiOmen <ochidimon@utexas.edu>
Date:   Sun Jul 3 16:49:00 2016 -0500

    Merge branch 'dev' of https://github.com/mlaux/cs373-idb into dev

commit 5d9300aa5344e28b48d04bdf93a2d3c2123b50c7
Author: ChidiOmen <ochidimon@utexas.edu>
Date:   Sun Jul 3 16:48:21 2016 -0500

    Added some pictures to about page

commit 0d7d531f6d29b41aec975e0f76f43a4175ad2d05
Merge: d1af5e2 3134d00
Author: Matt Laux <matthew.laux@gmail.com>
Date:   Sun Jul 3 16:47:29 2016 -0500

    Merge branch 'master' into dev

commit 3134d00c342a780ec9742cb93adaca2be57cffdd
Author: Asad Valliani <asadv988@gmail.com>
Date:   Sat Jul 2 17:00:52 2016 -0500

    Adding models.py

commit d1af5e2c112da922be8e62be1bd3f45f2aeeb674
Author: Matt Laux <matthew.laux@gmail.com>
Date:   Sat Jul 2 16:31:33 2016 -0500

    make nav link change when clicked

commit f6f32e7fdeb713cd4ba2cf69d8b7041a1aae2540
Author: Matt Laux <matthew.laux@gmail.com>
Date:   Sat Jul 2 16:26:36 2016 -0500

    .

commit 00763b7e6e1a93e431538c90e95430a74d9e1fc2
Author: Matt Laux <matthew.laux@gmail.com>
Date:   Sat Jul 2 16:25:23 2016 -0500

    testing something...

commit 190bafbe5e0a649406b14b29d3bb0b41f3d9adbd
Author: Matt Laux <matthew.laux@gmail.com>
Date:   Sat Jul 2 16:18:38 2016 -0500

    add other pages to nav, create blank html files for them

commit 5879ad0d04dc215ddbfb5fb78e5b2a1d5f140c25
Author: Matt Laux <matthew.laux@gmail.com>
Date:   Sat Jul 2 16:28:09 2016 -0400

    fix misspelled url

commit 76cac1df4321bb9f6cda1eda40dab83422d75c19
Author: Matt Laux <matthew.laux@gmail.com>
Date:   Sat Jul 2 16:27:03 2016 -0400

    add missing bootstrap stylesheet

commit 12c4f33c7a2f612720b7662e44de91248a7aa83f
Author: Matt Laux <matthew.laux@gmail.com>
Date:   Sat Jul 2 16:24:32 2016 -0400

    fix template syntax error

commit dfc3df2834a7e9c7e51f69c944d073815bec367c
Author: Matt Laux <matthew.laux@gmail.com>
Date:   Sat Jul 2 15:18:52 2016 -0500

    add basic bootstrap template... no idea if this will work

commit d1ebedc620d29a0b9a937ceb1d5ab57c02f68266
Author: Matt Laux <matthew.laux@gmail.com>
Date:   Sat Jul 2 16:02:37 2016 -0400

    start on templates

commit 6fdc1c70884110bdb6902e2f3004ad47830775d4
Author: Matt Laux <matthew.laux@gmail.com>
Date:   Sat Jul 2 15:41:22 2016 -0400

    added python, flask, apache config, test page

commit 822a0f035d16f80b143b494d2e378b7ed6382b9d
Author: Matt Laux <mlaux@users.noreply.github.com>
Date:   Wed Jun 29 14:40:42 2016 -0500

    Initial commit
